<?xml version="1.0" encoding="UTF-8"?><testsuite name="nosetests" tests="7" errors="0" failures="0" skip="0"><testcase classname="tests.unit_tests.transplant_class.&lt;locals&gt;.C" name="test_donut_creation" time="0.444"></testcase><testcase classname="tests.unit_tests.transplant_class.&lt;locals&gt;.C" name="test_donut_updated" time="0.011"></testcase><testcase classname="tests.unit_tests.transplant_class.&lt;locals&gt;.C" name="test_get_donut_information" time="0.007"></testcase><testcase classname="tests.unit_tests.transplant_class.&lt;locals&gt;.C" name="test_get_donut_quote" time="0.011"></testcase><testcase classname="tests.unit_tests.transplant_class.&lt;locals&gt;.C" name="test_get_donut_quote_error" time="0.005"></testcase><testcase classname="tests.unit_tests.transplant_class.&lt;locals&gt;.C" name="test_query_by_donut_code" time="0.006"></testcase><testcase classname="tests.unit_tests.transplant_class.&lt;locals&gt;.C" name="test_retrieve_donuts_list" time="0.009"></testcase></testsuite>